My project/Temp/gradleOut/unityLibrary/build/intermediates/manifest_merge_blame_file/release/manifest-merger-blame-release-report.txt
1<?xml version="1.0" encoding="utf-8"?>
2<!-- GENERATED BY UNITY. REMOVE THIS COMMENT TO PREVENT OVERWRITING WHEN EXPORTING AGAIN -->
3<manifest xmlns:android="http://schemas.android.com/apk/res/android"
4    xmlns:tools="http://schemas.android.com/tools"
5    package="com.unity3d.player"
6    android:versionCode="1"
7    android:versionName="0.1" >
8
9    <uses-sdk
10        android:minSdkVersion="26"
10-->src/main/AndroidManifest.xml
11        android:targetSdkVersion="30" />
11-->src/main/AndroidManifest.xml
12
13    <uses-feature android:glEsVersion="0x00030000" />
13-->src/main/AndroidManifest.xml:23:3-52
13-->src/main/AndroidManifest.xml:23:17-49
14
15    <uses-permission android:name="android.permission.WRITE_EXTERNAL_STORAGE" />
15-->src/main/AndroidManifest.xml:24:3-79
15-->src/main/AndroidManifest.xml:24:20-76
16
17    <uses-feature
17-->src/main/AndroidManifest.xml:25:3-88
18        android:name="android.hardware.touchscreen"
18-->src/main/AndroidManifest.xml:25:17-60
19        android:required="false" />
19-->src/main/AndroidManifest.xml:25:61-85
20    <uses-feature
20-->src/main/AndroidManifest.xml:26:3-99
21        android:name="android.hardware.touchscreen.multitouch"
21-->src/main/AndroidManifest.xml:26:17-71
22        android:required="false" />
22-->src/main/AndroidManifest.xml:26:72-96
23    <uses-feature
23-->src/main/AndroidManifest.xml:27:3-108
24        android:name="android.hardware.touchscreen.multitouch.distinct"
24-->src/main/AndroidManifest.xml:27:17-80
25        android:required="false" />
25-->src/main/AndroidManifest.xml:27:81-105
26
27    <uses-permission android:name="android.permission.WRITE_SETTINGS" />
27-->src/main/AndroidManifest.xml:28:3-71
27-->src/main/AndroidManifest.xml:28:20-68
28    <uses-permission android:name="android.permission.READ_EXTERNAL_STORAGE" />
28-->src/main/AndroidManifest.xml:29:3-78
28-->src/main/AndroidManifest.xml:29:20-75
29
30    <application android:requestLegacyExternalStorage="true" >
30-->src/main/AndroidManifest.xml:4:3-22:17
30-->src/main/AndroidManifest.xml:4:16-59
31        <activity
31-->src/main/AndroidManifest.xml:5:5-12:16
32            android:name="com.unity3d.player.UnityPlayerActivity"
32-->src/main/AndroidManifest.xml:5:15-68
33            android:configChanges="mcc|mnc|locale|touchscreen|keyboard|keyboardHidden|navigation|orientation|screenLayout|uiMode|screenSize|smallestScreenSize|fontScale|layoutDirection|density"
33-->src/main/AndroidManifest.xml:5:181-362
34            android:hardwareAccelerated="false"
34-->src/main/AndroidManifest.xml:5:398-433
35            android:launchMode="singleTask"
35-->src/main/AndroidManifest.xml:5:149-180
36            android:resizeableActivity="false"
36-->src/main/AndroidManifest.xml:5:363-397
37            android:screenOrientation="landscape"
37-->src/main/AndroidManifest.xml:5:111-148
38            android:theme="@style/UnityThemeSelector" >
38-->src/main/AndroidManifest.xml:5:69-110
39            <intent-filter>
39-->src/main/AndroidManifest.xml:6:7-9:23
40                <action android:name="android.intent.action.MAIN" />
40-->src/main/AndroidManifest.xml:7:9-61
40-->src/main/AndroidManifest.xml:7:17-58
41
42                <category android:name="android.intent.category.LAUNCHER" />
42-->src/main/AndroidManifest.xml:8:9-69
42-->src/main/AndroidManifest.xml:8:19-66
43            </intent-filter>
44
45            <meta-data
45-->src/main/AndroidManifest.xml:10:7-82
46                android:name="unityplayer.UnityActivity"
46-->src/main/AndroidManifest.xml:10:18-58
47                android:value="true" />
47-->src/main/AndroidManifest.xml:10:59-79
48            <meta-data
48-->src/main/AndroidManifest.xml:11:7-78
49                android:name="android.notch_support"
49-->src/main/AndroidManifest.xml:11:18-54
50                android:value="true" />
50-->src/main/AndroidManifest.xml:11:55-75
51        </activity>
52
53        <meta-data
53-->src/main/AndroidManifest.xml:13:5-69
54            android:name="unity.splash-mode"
54-->src/main/AndroidManifest.xml:13:16-48
55            android:value="0" />
55-->src/main/AndroidManifest.xml:13:49-66
56        <meta-data
56-->src/main/AndroidManifest.xml:14:5-74
57            android:name="unity.splash-enable"
57-->src/main/AndroidManifest.xml:14:16-50
58            android:value="True" />
58-->src/main/AndroidManifest.xml:14:51-71
59        <meta-data
59-->src/main/AndroidManifest.xml:15:5-84
60            android:name="unity.allow-resizable-window"
60-->src/main/AndroidManifest.xml:15:16-59
61            android:value="False" />
61-->src/main/AndroidManifest.xml:15:60-81
62        <meta-data
62-->src/main/AndroidManifest.xml:16:5-81
63            android:name="notch.config"
63-->src/main/AndroidManifest.xml:16:16-43
64            android:value="portrait|landscape" />
64-->src/main/AndroidManifest.xml:16:44-78
65        <meta-data
65-->src/main/AndroidManifest.xml:17:5-101
66            android:name="unity.build-id"
66-->src/main/AndroidManifest.xml:17:16-45
67            android:value="091a54a3-bfa5-4458-87f0-8c50bf567e1e" />
67-->src/main/AndroidManifest.xml:17:46-98
68        <meta-data
68-->src/main/AndroidManifest.xml:18:5-65
69            android:name="pvr.app.type"
69-->src/main/AndroidManifest.xml:18:16-43
70            android:value="vr" />
70-->src/main/AndroidManifest.xml:18:44-62
71        <meta-data
71-->src/main/AndroidManifest.xml:19:5-85
72            android:name="pvr.sdk.version"
72-->src/main/AndroidManifest.xml:19:16-46
73            android:value="XR Platform_1.2.5.3" />
73-->src/main/AndroidManifest.xml:19:47-82
74        <meta-data
74-->src/main/AndroidManifest.xml:20:5-62
75            android:name="enable_cpt"
75-->src/main/AndroidManifest.xml:20:16-41
76            android:value="0" />
76-->src/main/AndroidManifest.xml:20:42-59
77        <meta-data
77-->src/main/AndroidManifest.xml:21:5-75
78            android:name="enable_entitlementcheck"
78-->src/main/AndroidManifest.xml:21:16-54
79            android:value="0" />
79-->src/main/AndroidManifest.xml:21:55-72
80    </application>
81
82</manifest>